<?xml version="1.0" encoding="UTF-8"?>
<testsuite name="org.traccar.forward.PositionForwarderUrlTest" tests="1" skipped="0" failures="0" errors="0" timestamp="2025-08-18T01:43:50.893Z" hostname="DESKTOP-4LM846H" time="1.951">
  <properties/>
  <testcase name="testFormatRequest()" classname="org.traccar.forward.PositionForwarderUrlTest" time="1.951"/>
  <system-out><![CDATA[]]></system-out>
  <system-err><![CDATA[]]></system-err>
</testsuite>
