<?xml version="1.0" encoding="UTF-8"?>
<testsuite name="org.traccar.protocol.NavtelecomFrameDecoderTest" tests="2" skipped="1" failures="0" errors="0" timestamp="2025-08-18T01:44:00.279Z" hostname="DESKTOP-4LM846H" time="0.001">
  <properties/>
  <testcase name="testDecodeFull()" classname="org.traccar.protocol.NavtelecomFrameDecoderTest" time="0.0">
    <skipped/>
  </testcase>
  <testcase name="testDecode()" classname="org.traccar.protocol.NavtelecomFrameDecoderTest" time="0.001"/>
  <system-out><![CDATA[]]></system-out>
  <system-err><![CDATA[]]></system-err>
</testsuite>
