<?xml version="1.0" encoding="UTF-8"?>
<testsuite name="org.traccar.protocol.GlobalSatProtocolEncoderTest" tests="2" skipped="0" failures="0" errors="0" timestamp="2025-08-18T01:43:58.299Z" hostname="DESKTOP-4LM846H" time="0.013">
  <properties/>
  <testcase name="testEncodeAlarmDismiss()" classname="org.traccar.protocol.GlobalSatProtocolEncoderTest" time="0.005"/>
  <testcase name="testEncodeOutputControl()" classname="org.traccar.protocol.GlobalSatProtocolEncoderTest" time="0.006"/>
  <system-out><![CDATA[]]></system-out>
  <system-err><![CDATA[]]></system-err>
</testsuite>
