<?xml version="1.0" encoding="UTF-8"?>
<testsuite name="org.traccar.calendar.CalendarTest" tests="2" skipped="0" failures="0" errors="0" timestamp="2025-08-18T01:43:47.837Z" hostname="DESKTOP-4LM846H" time="3.046">
  <properties/>
  <testcase name="testCalendarOverlap()" classname="org.traccar.calendar.CalendarTest" time="3.03"/>
  <testcase name="testCalendar()" classname="org.traccar.calendar.CalendarTest" time="0.014"/>
  <system-out><![CDATA[]]></system-out>
  <system-err><![CDATA[]]></system-err>
</testsuite>
