<?xml version="1.0" encoding="UTF-8"?>
<testsuite name="org.traccar.handler.events.AlarmEventHandlerTest" tests="1" skipped="0" failures="0" errors="0" timestamp="2025-08-18T01:43:54.382Z" hostname="DESKTOP-4LM846H" time="0.009">
  <properties/>
  <testcase name="testAlarmEventHandler()" classname="org.traccar.handler.events.AlarmEventHandlerTest" time="0.009"/>
  <system-out><![CDATA[]]></system-out>
  <system-err><![CDATA[]]></system-err>
</testsuite>
