<?xml version="1.0" encoding="UTF-8"?>
<testsuite name="org.traccar.protocol.TotemProtocolEncoderTest" tests="2" skipped="0" failures="0" errors="0" timestamp="2025-08-18T01:44:01.931Z" hostname="DESKTOP-4LM846H" time="0.007">
  <properties/>
  <testcase name="testSmsEncode()" classname="org.traccar.protocol.TotemProtocolEncoderTest" time="0.002"/>
  <testcase name="testEncode()" classname="org.traccar.protocol.TotemProtocolEncoderTest" time="0.003"/>
  <system-out><![CDATA[]]></system-out>
  <system-err><![CDATA[]]></system-err>
</testsuite>
