<?xml version="1.0" encoding="UTF-8"?>
<testsuite name="org.traccar.protocol.GoSafeProtocolDecoderTest" tests="1" skipped="0" failures="0" errors="0" timestamp="2025-08-18T01:43:58.957Z" hostname="DESKTOP-4LM846H" time="0.049">
  <properties/>
  <testcase name="testDecode()" classname="org.traccar.protocol.GoSafeProtocolDecoderTest" time="0.049"/>
  <system-out><![CDATA[]]></system-out>
  <system-err><![CDATA[]]></system-err>
</testsuite>
