<?xml version="1.0" encoding="UTF-8"?>
<testsuite name="org.traccar.helper.PatternBuilderTest" tests="1" skipped="0" failures="0" errors="0" timestamp="2025-08-18T01:43:54.863Z" hostname="DESKTOP-4LM846H" time="0.003">
  <properties/>
  <testcase name="testPatternBuilder()" classname="org.traccar.helper.PatternBuilderTest" time="0.003"/>
  <system-out><![CDATA[]]></system-out>
  <system-err><![CDATA[]]></system-err>
</testsuite>
