<?xml version="1.0" encoding="UTF-8"?>
<testsuite name="org.traccar.web.WebServerTest" tests="1" skipped="0" failures="0" errors="0" timestamp="2025-08-18T01:44:02.840Z" hostname="DESKTOP-4LM846H" time="0.076">
  <properties/>
  <testcase name="contextTest()" classname="org.traccar.web.WebServerTest" time="0.076"/>
  <system-out><![CDATA[]]></system-out>
  <system-err><![CDATA[]]></system-err>
</testsuite>
