<?xml version="1.0" encoding="UTF-8"?>
<testsuite name="org.traccar.protocol.BceProtocolDecoderTest" tests="2" skipped="1" failures="0" errors="0" timestamp="2025-08-18T01:43:56.870Z" hostname="DESKTOP-4LM846H" time="0.021">
  <properties/>
  <testcase name="testDecodeFail()" classname="org.traccar.protocol.BceProtocolDecoderTest" time="0.0">
    <skipped/>
  </testcase>
  <testcase name="testDecode()" classname="org.traccar.protocol.BceProtocolDecoderTest" time="0.021"/>
  <system-out><![CDATA[]]></system-out>
  <system-err><![CDATA[]]></system-err>
</testsuite>
