<?xml version="1.0" encoding="UTF-8"?>
<testsuite name="org.traccar.protocol.MictrackProtocolDecoderTest" tests="2" skipped="0" failures="0" errors="0" timestamp="2025-08-18T01:44:00.089Z" hostname="DESKTOP-4LM846H" time="0.027">
  <properties/>
  <testcase name="testDecodeStandard()" classname="org.traccar.protocol.MictrackProtocolDecoderTest" time="0.022"/>
  <testcase name="testDecodeLowAltitude()" classname="org.traccar.protocol.MictrackProtocolDecoderTest" time="0.005"/>
  <system-out><![CDATA[]]></system-out>
  <system-err><![CDATA[]]></system-err>
</testsuite>
