<?xml version="1.0" encoding="UTF-8"?>
<testsuite name="org.traccar.helper.BitUtilTest" tests="4" skipped="0" failures="0" errors="0" timestamp="2025-08-18T01:43:54.688Z" hostname="DESKTOP-4LM846H" time="0.012">
  <properties/>
  <testcase name="testCheck()" classname="org.traccar.helper.BitUtilTest" time="0.004"/>
  <testcase name="testFrom()" classname="org.traccar.helper.BitUtilTest" time="0.002"/>
  <testcase name="testTo()" classname="org.traccar.helper.BitUtilTest" time="0.001"/>
  <testcase name="testBetween()" classname="org.traccar.helper.BitUtilTest" time="0.001"/>
  <system-out><![CDATA[]]></system-out>
  <system-err><![CDATA[]]></system-err>
</testsuite>
