<?xml version="1.0" encoding="UTF-8"?>
<testsuite name="org.traccar.protocol.AdmProtocolEncoderTest" tests="1" skipped="0" failures="0" errors="0" timestamp="2025-08-18T01:43:56.166Z" hostname="DESKTOP-4LM846H" time="0.006">
  <properties/>
  <testcase name="testEncode()" classname="org.traccar.protocol.AdmProtocolEncoderTest" time="0.006"/>
  <system-out><![CDATA[]]></system-out>
  <system-err><![CDATA[]]></system-err>
</testsuite>
