<?xml version="1.0" encoding="UTF-8"?>
<testsuite name="org.traccar.protocol.PstProtocolEncoderTest" tests="2" skipped="0" failures="0" errors="0" timestamp="2025-08-18T01:44:00.828Z" hostname="DESKTOP-4LM846H" time="0.011">
  <properties/>
  <testcase name="testEncodeEngineResume()" classname="org.traccar.protocol.PstProtocolEncoderTest" time="0.003"/>
  <testcase name="testEncodeEngineStop()" classname="org.traccar.protocol.PstProtocolEncoderTest" time="0.007"/>
  <system-out><![CDATA[]]></system-out>
  <system-err><![CDATA[]]></system-err>
</testsuite>
