<?xml version="1.0" encoding="UTF-8"?>
<testsuite name="org.traccar.helper.DistanceCalculatorTest" tests="2" skipped="0" failures="0" errors="0" timestamp="2025-08-18T01:43:54.827Z" hostname="DESKTOP-4LM846H" time="0.001">
  <properties/>
  <testcase name="testDistanceToLine()" classname="org.traccar.helper.DistanceCalculatorTest" time="0.0"/>
  <testcase name="testDistance()" classname="org.traccar.helper.DistanceCalculatorTest" time="0.001"/>
  <system-out><![CDATA[]]></system-out>
  <system-err><![CDATA[]]></system-err>
</testsuite>
