<?xml version="1.0" encoding="UTF-8"?>
<testsuite name="org.traccar.protocol.AuroProtocolDecoderTest" tests="1" skipped="0" failures="0" errors="0" timestamp="2025-08-18T01:43:56.703Z" hostname="DESKTOP-4LM846H" time="0.011">
  <properties/>
  <testcase name="testDecode()" classname="org.traccar.protocol.AuroProtocolDecoderTest" time="0.011"/>
  <system-out><![CDATA[]]></system-out>
  <system-err><![CDATA[]]></system-err>
</testsuite>
