<?xml version="1.0" encoding="UTF-8"?>
<testsuite name="org.traccar.geocoder.AddressFormatTest" tests="1" skipped="0" failures="0" errors="0" timestamp="2025-08-18T01:43:52.870Z" hostname="DESKTOP-4LM846H" time="0.007">
  <properties/>
  <testcase name="testFormat()" classname="org.traccar.geocoder.AddressFormatTest" time="0.007"/>
  <system-out><![CDATA[]]></system-out>
  <system-err><![CDATA[]]></system-err>
</testsuite>
