<?xml version="1.0" encoding="UTF-8"?>
<testsuite name="org.traccar.protocol.T55ProtocolDecoderTest" tests="2" skipped="0" failures="0" errors="0" timestamp="2025-08-18T01:44:01.426Z" hostname="DESKTOP-4LM846H" time="0.034">
  <properties/>
  <testcase name="testMaxonDecode()" classname="org.traccar.protocol.T55ProtocolDecoderTest" time="0.005"/>
  <testcase name="testDecode()" classname="org.traccar.protocol.T55ProtocolDecoderTest" time="0.028"/>
  <system-out><![CDATA[]]></system-out>
  <system-err><![CDATA[]]></system-err>
</testsuite>
