<?xml version="1.0" encoding="UTF-8"?>
<testsuite name="org.traccar.protocol.OmnicommProtocolDecoderTest" tests="1" skipped="0" failures="0" errors="0" timestamp="2025-08-18T01:44:00.403Z" hostname="DESKTOP-4LM846H" time="0.151">
  <properties/>
  <testcase name="testDecode()" classname="org.traccar.protocol.OmnicommProtocolDecoderTest" time="0.151"/>
  <system-out><![CDATA[]]></system-out>
  <system-err><![CDATA[]]></system-err>
</testsuite>
