<?xml version="1.0" encoding="UTF-8"?>
<testsuite name="org.traccar.protocol.ArnaviBinaryProtocolDecoderTest" tests="2" skipped="0" failures="0" errors="0" timestamp="2025-08-18T01:43:56.520Z" hostname="DESKTOP-4LM846H" time="0.019">
  <properties/>
  <testcase name="testHeader1Decode()" classname="org.traccar.protocol.ArnaviBinaryProtocolDecoderTest" time="0.009"/>
  <testcase name="testHeader2Decode()" classname="org.traccar.protocol.ArnaviBinaryProtocolDecoderTest" time="0.009"/>
  <system-out><![CDATA[]]></system-out>
  <system-err><![CDATA[]]></system-err>
</testsuite>
