<?xml version="1.0" encoding="UTF-8"?>
<testsuite name="org.traccar.protocol.NavisFrameDecoderTest" tests="2" skipped="0" failures="0" errors="0" timestamp="2025-08-18T01:44:00.231Z" hostname="DESKTOP-4LM846H" time="0.005">
  <properties/>
  <testcase name="testDecodeNtcb()" classname="org.traccar.protocol.NavisFrameDecoderTest" time="0.004"/>
  <testcase name="testDecodeFlex10()" classname="org.traccar.protocol.NavisFrameDecoderTest" time="0.001"/>
  <system-out><![CDATA[]]></system-out>
  <system-err><![CDATA[]]></system-err>
</testsuite>
