<?xml version="1.0" encoding="UTF-8"?>
<testsuite name="org.traccar.protocol.Gps056FrameDecoderTest" tests="1" skipped="0" failures="0" errors="0" timestamp="2025-08-18T01:43:59.027Z" hostname="DESKTOP-4LM846H" time="0.0">
  <properties/>
  <testcase name="testDecode()" classname="org.traccar.protocol.Gps056FrameDecoderTest" time="0.0"/>
  <system-out><![CDATA[]]></system-out>
  <system-err><![CDATA[]]></system-err>
</testsuite>
