<?xml version="1.0" encoding="UTF-8"?>
<testsuite name="org.traccar.helper.ObdDecoderTest" tests="2" skipped="0" failures="0" errors="0" timestamp="2025-08-18T01:43:54.847Z" hostname="DESKTOP-4LM846H" time="0.014">
  <properties/>
  <testcase name="testDecodeCodes()" classname="org.traccar.helper.ObdDecoderTest" time="0.009"/>
  <testcase name="testDecode()" classname="org.traccar.helper.ObdDecoderTest" time="0.002"/>
  <system-out><![CDATA[]]></system-out>
  <system-err><![CDATA[]]></system-err>
</testsuite>
