<?xml version="1.0" encoding="UTF-8"?>
<testsuite name="org.traccar.helper.BitBufferTest" tests="1" skipped="0" failures="0" errors="0" timestamp="2025-08-18T01:43:54.673Z" hostname="DESKTOP-4LM846H" time="0.01">
  <properties/>
  <testcase name="test()" classname="org.traccar.helper.BitBufferTest" time="0.01"/>
  <system-out><![CDATA[]]></system-out>
  <system-err><![CDATA[]]></system-err>
</testsuite>
