<?xml version="1.0" encoding="UTF-8"?>
<testsuite name="org.traccar.protocol.V680ProtocolDecoderTest" tests="1" skipped="0" failures="0" errors="0" timestamp="2025-08-18T01:44:02.126Z" hostname="DESKTOP-4LM846H" time="0.019">
  <properties/>
  <testcase name="testDecode()" classname="org.traccar.protocol.V680ProtocolDecoderTest" time="0.019"/>
  <system-out><![CDATA[]]></system-out>
  <system-err><![CDATA[]]></system-err>
</testsuite>
