<?xml version="1.0" encoding="UTF-8"?>
<testsuite name="org.traccar.protocol.PretraceProtocolEncoderTest" tests="2" skipped="0" failures="0" errors="0" timestamp="2025-08-18T01:44:00.780Z" hostname="DESKTOP-4LM846H" time="0.006">
  <properties/>
  <testcase name="testEncodePositionPeriodic()" classname="org.traccar.protocol.PretraceProtocolEncoderTest" time="0.003"/>
  <testcase name="testEncodeCustom()" classname="org.traccar.protocol.PretraceProtocolEncoderTest" time="0.003"/>
  <system-out><![CDATA[]]></system-out>
  <system-err><![CDATA[]]></system-err>
</testsuite>
