<?xml version="1.0" encoding="UTF-8"?>
<testsuite name="org.traccar.protocol.EgtsProtocolDecoderTest" tests="2" skipped="0" failures="0" errors="0" timestamp="2025-08-18T01:43:57.728Z" hostname="DESKTOP-4LM846H" time="0.032">
  <properties/>
  <testcase name="testDecodeWithAuth()" classname="org.traccar.protocol.EgtsProtocolDecoderTest" time="0.019"/>
  <testcase name="testDecodeWithObjectId()" classname="org.traccar.protocol.EgtsProtocolDecoderTest" time="0.012"/>
  <system-out><![CDATA[]]></system-out>
  <system-err><![CDATA[]]></system-err>
</testsuite>
