<?xml version="1.0" encoding="UTF-8"?>
<testsuite name="org.traccar.protocol.Jt600ProtocolEncoderTest" tests="4" skipped="0" failures="0" errors="0" timestamp="2025-08-18T01:43:59.850Z" hostname="DESKTOP-4LM846H" time="0.002">
  <properties/>
  <testcase name="testSetTimezone()" classname="org.traccar.protocol.Jt600ProtocolEncoderTest" time="0.0"/>
  <testcase name="testEngineStop()" classname="org.traccar.protocol.Jt600ProtocolEncoderTest" time="0.0"/>
  <testcase name="testReboot()" classname="org.traccar.protocol.Jt600ProtocolEncoderTest" time="0.001"/>
  <testcase name="testEngineResume()" classname="org.traccar.protocol.Jt600ProtocolEncoderTest" time="0.0"/>
  <system-out><![CDATA[]]></system-out>
  <system-err><![CDATA[]]></system-err>
</testsuite>
