<?xml version="1.0" encoding="UTF-8"?>
<testsuite name="org.traccar.protocol.Xrb28ProtocolEncoderTest" tests="2" skipped="0" failures="0" errors="0" timestamp="2025-08-18T01:44:02.507Z" hostname="DESKTOP-4LM846H" time="0.006">
  <properties/>
  <testcase name="testEncodePositionPeriodic()" classname="org.traccar.protocol.Xrb28ProtocolEncoderTest" time="0.003"/>
  <testcase name="testEncodeCustom()" classname="org.traccar.protocol.Xrb28ProtocolEncoderTest" time="0.002"/>
  <system-out><![CDATA[]]></system-out>
  <system-err><![CDATA[]]></system-err>
</testsuite>
