<?xml version="1.0" encoding="UTF-8"?>
<testsuite name="org.traccar.protocol.H02ProtocolEncoderTest" tests="5" skipped="0" failures="0" errors="0" timestamp="2025-08-18T01:43:59.467Z" hostname="DESKTOP-4LM846H" time="0.02">
  <properties/>
  <testcase name="testAlarmDisarmEncode()" classname="org.traccar.protocol.H02ProtocolEncoderTest" time="0.003"/>
  <testcase name="testPositionPeriodicEncode()" classname="org.traccar.protocol.H02ProtocolEncoderTest" time="0.003"/>
  <testcase name="testEngineResumeEncode()" classname="org.traccar.protocol.H02ProtocolEncoderTest" time="0.002"/>
  <testcase name="testAlarmArmEncode()" classname="org.traccar.protocol.H02ProtocolEncoderTest" time="0.002"/>
  <testcase name="testEngineStopEncode()" classname="org.traccar.protocol.H02ProtocolEncoderTest" time="0.005"/>
  <system-out><![CDATA[]]></system-out>
  <system-err><![CDATA[]]></system-err>
</testsuite>
