<?xml version="1.0" encoding="UTF-8"?>
<testsuite name="org.traccar.protocol.WatchProtocolDecoderTest" tests="2" skipped="0" failures="0" errors="0" timestamp="2025-08-18T01:44:02.222Z" hostname="DESKTOP-4LM846H" time="0.084">
  <properties/>
  <testcase name="testDecodeVoiceMessage()" classname="org.traccar.protocol.WatchProtocolDecoderTest" time="0.05"/>
  <testcase name="testDecode()" classname="org.traccar.protocol.WatchProtocolDecoderTest" time="0.033"/>
  <system-out><![CDATA[]]></system-out>
  <system-err><![CDATA[]]></system-err>
</testsuite>
