<?xml version="1.0" encoding="UTF-8"?>
<testsuite name="org.traccar.protocol.GalileoProtocolDecoderTest" tests="2" skipped="0" failures="0" errors="0" timestamp="2025-08-18T01:43:58.005Z" hostname="DESKTOP-4LM846H" time="0.037">
  <properties/>
  <testcase name="testDecodeIridium()" classname="org.traccar.protocol.GalileoProtocolDecoderTest" time="0.011"/>
  <testcase name="testDecode()" classname="org.traccar.protocol.GalileoProtocolDecoderTest" time="0.026"/>
  <system-out><![CDATA[]]></system-out>
  <system-err><![CDATA[]]></system-err>
</testsuite>
