<?xml version="1.0" encoding="UTF-8"?>
<testsuite name="org.traccar.handler.events.OverspeedEventHandlerTest" tests="1" skipped="0" failures="0" errors="0" timestamp="2025-08-18T01:43:54.506Z" hostname="DESKTOP-4LM846H" time="0.011">
  <properties/>
  <testcase name="testOverspeedEventHandler()" classname="org.traccar.handler.events.OverspeedEventHandlerTest" time="0.011"/>
  <system-out><![CDATA[]]></system-out>
  <system-err><![CDATA[]]></system-err>
</testsuite>
