<?xml version="1.0" encoding="UTF-8"?>
<testsuite name="org.traccar.protocol.PacificTrackProtocolDecoderTest" tests="2" skipped="0" failures="0" errors="0" timestamp="2025-08-18T01:44:00.666Z" hostname="DESKTOP-4LM846H" time="0.008">
  <properties/>
  <testcase name="testReadBitExt()" classname="org.traccar.protocol.PacificTrackProtocolDecoderTest" time="0.001"/>
  <testcase name="testDecode()" classname="org.traccar.protocol.PacificTrackProtocolDecoderTest" time="0.006"/>
  <system-out><![CDATA[]]></system-out>
  <system-err><![CDATA[]]></system-err>
</testsuite>
