<?xml version="1.0" encoding="UTF-8"?>
<testsuite name="org.traccar.helper.LogTest" tests="2" skipped="0" failures="0" errors="0" timestamp="2025-08-18T01:43:54.832Z" hostname="DESKTOP-4LM846H" time="0.008">
  <properties/>
  <testcase name="testExceptionStack()" classname="org.traccar.helper.LogTest" time="0.005"/>
  <testcase name="testExceptionStackRootCause()" classname="org.traccar.helper.LogTest" time="0.002"/>
  <system-out><![CDATA[]]></system-out>
  <system-err><![CDATA[]]></system-err>
</testsuite>
