<?xml version="1.0" encoding="UTF-8"?>
<testsuite name="org.traccar.helper.BcdUtilTest" tests="2" skipped="0" failures="0" errors="0" timestamp="2025-08-18T01:43:54.521Z" hostname="DESKTOP-4LM846H" time="0.148">
  <properties/>
  <testcase name="testReadCoordinate()" classname="org.traccar.helper.BcdUtilTest" time="0.145"/>
  <testcase name="testReadInteger()" classname="org.traccar.helper.BcdUtilTest" time="0.001"/>
  <system-out><![CDATA[]]></system-out>
  <system-err><![CDATA[]]></system-err>
</testsuite>
