<?xml version="1.0" encoding="UTF-8"?>
<testsuite name="org.traccar.protocol.Gps103ProtocolEncoderTest" tests="2" skipped="0" failures="0" errors="0" timestamp="2025-08-18T01:43:59.076Z" hostname="DESKTOP-4LM846H" time="0.011">
  <properties/>
  <testcase name="testEncodePositionPeriodic()" classname="org.traccar.protocol.Gps103ProtocolEncoderTest" time="0.002"/>
  <testcase name="testEncodeCustom()" classname="org.traccar.protocol.Gps103ProtocolEncoderTest" time="0.006"/>
  <system-out><![CDATA[]]></system-out>
  <system-err><![CDATA[]]></system-err>
</testsuite>
