<?xml version="1.0" encoding="UTF-8"?>
<testsuite name="org.traccar.handler.events.MotionEventHandlerTest" tests="3" skipped="0" failures="0" errors="0" timestamp="2025-08-18T01:43:54.480Z" hostname="DESKTOP-4LM846H" time="0.022">
  <properties/>
  <testcase name="testMotionWithPosition()" classname="org.traccar.handler.events.MotionEventHandlerTest" time="0.013"/>
  <testcase name="testStopWithPositionIgnition()" classname="org.traccar.handler.events.MotionEventHandlerTest" time="0.002"/>
  <testcase name="testMotionFluctuation()" classname="org.traccar.handler.events.MotionEventHandlerTest" time="0.004"/>
  <system-out><![CDATA[]]></system-out>
  <system-err><![CDATA[]]></system-err>
</testsuite>
