<?xml version="1.0" encoding="UTF-8"?>
<testsuite name="org.traccar.protocol.Vt200ProtocolDecoderTest" tests="1" skipped="0" failures="0" errors="0" timestamp="2025-08-18T01:44:02.190Z" hostname="DESKTOP-4LM846H" time="0.013">
  <properties/>
  <testcase name="testDecode()" classname="org.traccar.protocol.Vt200ProtocolDecoderTest" time="0.013"/>
  <system-out><![CDATA[]]></system-out>
  <system-err><![CDATA[]]></system-err>
</testsuite>
