<?xml version="1.0" encoding="UTF-8"?>
<testsuite name="org.traccar.protocol.StartekProtocolEncoderTest" tests="1" skipped="0" failures="0" errors="0" timestamp="2025-08-18T01:44:01.271Z" hostname="DESKTOP-4LM846H" time="0.011">
  <properties/>
  <testcase name="testEncodeEngineStop()" classname="org.traccar.protocol.StartekProtocolEncoderTest" time="0.011"/>
  <system-out><![CDATA[]]></system-out>
  <system-err><![CDATA[]]></system-err>
</testsuite>
