<?xml version="1.0" encoding="UTF-8"?>
<testsuite name="org.traccar.protocol.AquilaProtocolDecoderTest" tests="1" skipped="0" failures="0" errors="0" timestamp="2025-08-18T01:43:56.427Z" hostname="DESKTOP-4LM846H" time="0.032">
  <properties/>
  <testcase name="testDecodeA()" classname="org.traccar.protocol.AquilaProtocolDecoderTest" time="0.032"/>
  <system-out><![CDATA[]]></system-out>
  <system-err><![CDATA[]]></system-err>
</testsuite>
