<?xml version="1.0" encoding="UTF-8"?>
<testsuite name="org.traccar.protocol.L100ProtocolDecoderTest" tests="1" skipped="0" failures="0" errors="0" timestamp="2025-08-18T01:43:59.883Z" hostname="DESKTOP-4LM846H" time="0.012">
  <properties/>
  <testcase name="testDecode()" classname="org.traccar.protocol.L100ProtocolDecoderTest" time="0.012"/>
  <system-out><![CDATA[]]></system-out>
  <system-err><![CDATA[]]></system-err>
</testsuite>
