<?xml version="1.0" encoding="UTF-8"?>
<testsuite name="org.traccar.protocol.H02ProtocolDecoderTest" tests="2" skipped="0" failures="0" errors="0" timestamp="2025-08-18T01:43:59.396Z" hostname="DESKTOP-4LM846H" time="0.066">
  <properties/>
  <testcase name="testDecodeStatus()" classname="org.traccar.protocol.H02ProtocolDecoderTest" time="0.007"/>
  <testcase name="testDecode()" classname="org.traccar.protocol.H02ProtocolDecoderTest" time="0.058"/>
  <system-out><![CDATA[]]></system-out>
  <system-err><![CDATA[]]></system-err>
</testsuite>
