<?xml version="1.0" encoding="UTF-8"?>
<testsuite name="org.traccar.helper.WebHelperTest" tests="3" skipped="0" failures="0" errors="0" timestamp="2025-08-18T01:43:54.872Z" hostname="DESKTOP-4LM846H" time="0.482">
  <properties/>
  <testcase name="testRetrieveRemoteAddressProxySingle()" classname="org.traccar.helper.WebHelperTest" time="0.476"/>
  <testcase name="testRetrieveRemoteAddressNoProxy()" classname="org.traccar.helper.WebHelperTest" time="0.002"/>
  <testcase name="testRetrieveRemoteAddressProxyMultiple()" classname="org.traccar.helper.WebHelperTest" time="0.002"/>
  <system-out><![CDATA[]]></system-out>
  <system-err><![CDATA[]]></system-err>
</testsuite>
