<?xml version="1.0" encoding="UTF-8"?>
<testsuite name="org.traccar.handler.events.MaintenanceEventHandlerTest" tests="1" skipped="0" failures="0" errors="0" timestamp="2025-08-18T01:43:54.409Z" hostname="DESKTOP-4LM846H" time="0.065">
  <properties/>
  <testcase name="testMaintenanceEventHandler()" classname="org.traccar.handler.events.MaintenanceEventHandlerTest" time="0.065"/>
  <system-out><![CDATA[]]></system-out>
  <system-err><![CDATA[]]></system-err>
</testsuite>
