<?xml version="1.0" encoding="UTF-8"?>
<testsuite name="org.traccar.protocol.Pt502ProtocolEncoderTest" tests="4" skipped="0" failures="0" errors="0" timestamp="2025-08-18T01:44:00.882Z" hostname="DESKTOP-4LM846H" time="0.011">
  <properties/>
  <testcase name="testEncodeCustom()" classname="org.traccar.protocol.Pt502ProtocolEncoderTest" time="0.003"/>
  <testcase name="testEncodeAlarmSpeed()" classname="org.traccar.protocol.Pt502ProtocolEncoderTest" time="0.002"/>
  <testcase name="testEncodeTimezone()" classname="org.traccar.protocol.Pt502ProtocolEncoderTest" time="0.002"/>
  <testcase name="testEncodeOutputControl()" classname="org.traccar.protocol.Pt502ProtocolEncoderTest" time="0.002"/>
  <system-out><![CDATA[]]></system-out>
  <system-err><![CDATA[]]></system-err>
</testsuite>
