<?xml version="1.0" encoding="UTF-8"?>
<testsuite name="org.traccar.protocol.TeltonikaProtocolDecoderTest" tests="3" skipped="1" failures="0" errors="0" timestamp="2025-08-18T01:44:01.587Z" hostname="DESKTOP-4LM846H" time="0.099">
  <properties/>
  <testcase name="testDecodeConnectionless()" classname="org.traccar.protocol.TeltonikaProtocolDecoderTest" time="0.0">
    <skipped/>
  </testcase>
  <testcase name="testDecodePhoto()" classname="org.traccar.protocol.TeltonikaProtocolDecoderTest" time="0.065"/>
  <testcase name="testDecode()" classname="org.traccar.protocol.TeltonikaProtocolDecoderTest" time="0.032"/>
  <system-out><![CDATA[]]></system-out>
  <system-err><![CDATA[]]></system-err>
</testsuite>
