<?xml version="1.0" encoding="UTF-8"?>
<testsuite name="org.traccar.geofence.GeofenceCircleTest" tests="2" skipped="0" failures="0" errors="0" timestamp="2025-08-18T01:43:53.209Z" hostname="DESKTOP-4LM846H" time="0.009">
  <properties/>
  <testcase name="testCircleWkt()" classname="org.traccar.geofence.GeofenceCircleTest" time="0.003"/>
  <testcase name="testContainsCircle()" classname="org.traccar.geofence.GeofenceCircleTest" time="0.005"/>
  <system-out><![CDATA[]]></system-out>
  <system-err><![CDATA[]]></system-err>
</testsuite>
