<?xml version="1.0" encoding="UTF-8"?>
<testsuite name="org.traccar.protocol.SuntechProtocolDecoderTest" tests="6" skipped="1" failures="0" errors="0" timestamp="2025-08-18T01:44:01.301Z" hostname="DESKTOP-4LM846H" time="0.092">
  <properties/>
  <testcase name="testDecodeDriver()" classname="org.traccar.protocol.SuntechProtocolDecoderTest" time="0.008"/>
  <testcase name="testDecodeCrash()" classname="org.traccar.protocol.SuntechProtocolDecoderTest" time="0.0">
    <skipped/>
  </testcase>
  <testcase name="testDecodeHours()" classname="org.traccar.protocol.SuntechProtocolDecoderTest" time="0.004"/>
  <testcase name="testDecodeRpm()" classname="org.traccar.protocol.SuntechProtocolDecoderTest" time="0.004"/>
  <testcase name="testDecode()" classname="org.traccar.protocol.SuntechProtocolDecoderTest" time="0.063"/>
  <testcase name="testDecodeTemperature()" classname="org.traccar.protocol.SuntechProtocolDecoderTest" time="0.008"/>
  <system-out><![CDATA[]]></system-out>
  <system-err><![CDATA[]]></system-err>
</testsuite>
