<?xml version="1.0" encoding="UTF-8"?>
<testsuite name="org.traccar.protocol.FoxProtocolDecoderTest" tests="1" skipped="0" failures="0" errors="0" timestamp="2025-08-18T01:43:57.939Z" hostname="DESKTOP-4LM846H" time="0.005">
  <properties/>
  <testcase name="testDecode()" classname="org.traccar.protocol.FoxProtocolDecoderTest" time="0.005"/>
  <system-out><![CDATA[]]></system-out>
  <system-err><![CDATA[]]></system-err>
</testsuite>
