<?xml version="1.0" encoding="UTF-8"?>
<testsuite name="org.traccar.protocol.WatchProtocolEncoderTest" tests="2" skipped="0" failures="0" errors="0" timestamp="2025-08-18T01:44:02.310Z" hostname="DESKTOP-4LM846H" time="0.021">
  <properties/>
  <testcase name="testEncodeTimezone()" classname="org.traccar.protocol.WatchProtocolEncoderTest" time="0.012"/>
  <testcase name="testEncode()" classname="org.traccar.protocol.WatchProtocolEncoderTest" time="0.008"/>
  <system-out><![CDATA[]]></system-out>
  <system-err><![CDATA[]]></system-err>
</testsuite>
